<?xml version="1.0" encoding="UTF-8"?>
<!-- Generated by org.testng.reporters.JUnitReportReporter -->
<testsuite hostname="sys-PC" name="GG.SbiLoan" tests="1" failures="0" timestamp="22 Oct 2016 07:07:00 GMT" time="65.283" errors="0">
  <testcase name="testsbi" time="65.283" classname="GG.SbiLoan"/>
</testsuite> <!-- GG.SbiLoan -->
